Determining if the function sgetrf_single exists failed with the following output:
Change Dir: /Users/bog/Downloads/dlib-18.18/tools/python/build/CMakeFiles/CMakeTmp

Run Build Command:"/opt/local/bin/gmake" "cmTC_64809/fast"
/opt/local/bin/gmake -f CMakeFiles/cmTC_64809.dir/build.make CMakeFiles/cmTC_64809.dir/build
gmake[1]: Entering directory '/Users/bog/Downloads/dlib-18.18/tools/python/build/CMakeFiles/CMakeTmp'
Building C object CMakeFiles/cmTC_64809.dir/CheckFunctionExists.c.o
/Applications/Xcode.app/Contents/Developer/Toolchains/XcodeDefault.xctoolchain/usr/bin/cc    -DCHECK_FUNCTION_EXISTS=sgetrf_single -fPIE   -o CMakeFiles/cmTC_64809.dir/CheckFunctionExists.c.o   -c /opt/local/share/cmake-3.5/Modules/CheckFunctionExists.c
Linking C executable cmTC_64809
/opt/local/bin/cmake -E cmake_link_script CMakeFiles/cmTC_64809.dir/link.txt --verbose=1
/Applications/Xcode.app/Contents/Developer/Toolchains/XcodeDefault.xctoolchain/usr/bin/cc   -DCHECK_FUNCTION_EXISTS=sgetrf_single -Wl,-search_paths_first -Wl,-headerpad_max_install_names   CMakeFiles/cmTC_64809.dir/CheckFunctionExists.c.o  -o cmTC_64809  /opt/local/lib/libopenblas.dylib 
Undefined symbols for architecture x86_64:
  "_sgetrf_single", referenced from:
      _main in CheckFunctionExists.c.o
ld: symbol(s) not found for architecture x86_64
clang: error: linker command failed with exit code 1 (use -v to see invocation)
CMakeFiles/cmTC_64809.dir/build.make:98: recipe for target 'cmTC_64809' failed
gmake[1]: *** [cmTC_64809] Error 1
gmake[1]: Leaving directory '/Users/bog/Downloads/dlib-18.18/tools/python/build/CMakeFiles/CMakeTmp'
Makefile:126: recipe for target 'cmTC_64809/fast' failed
gmake: *** [cmTC_64809/fast] Error 2


