The system is: Darwin - 14.5.0 - x86_64
Compiling the C compiler identification source file "CMakeCCompilerId.c" succeeded.
Compiler: /Applications/Xcode.app/Contents/Developer/Toolchains/XcodeDefault.xctoolchain/usr/bin/cc 
Build flags: 
Id flags: 

The output was:
0


Compilation of the C compiler identification source "CMakeCCompilerId.c" produced "a.out"

The C compiler identification is AppleClang, found in "/Users/bog/Downloads/dlib-18.18/tools/python/build/CMakeFiles/3.5.2/CompilerIdC/a.out"

Compiling the CXX compiler identification source file "CMakeCXXCompilerId.cpp" succeeded.
Compiler: /Applications/Xcode.app/Contents/Developer/Toolchains/XcodeDefault.xctoolchain/usr/bin/c++ 
Build flags: 
Id flags: 

The output was:
0


Compilation of the CXX compiler identification source "CMakeCXXCompilerId.cpp" produced "a.out"

The CXX compiler identification is AppleClang, found in "/Users/bog/Downloads/dlib-18.18/tools/python/build/CMakeFiles/3.5.2/CompilerIdCXX/a.out"

Determining if the C compiler works passed with the following output:
Change Dir: /Users/bog/Downloads/dlib-18.18/tools/python/build/CMakeFiles/CMakeTmp

Run Build Command:"/opt/local/bin/gmake" "cmTC_91da5/fast"
/opt/local/bin/gmake -f CMakeFiles/cmTC_91da5.dir/build.make CMakeFiles/cmTC_91da5.dir/build
gmake[1]: Entering directory '/Users/bog/Downloads/dlib-18.18/tools/python/build/CMakeFiles/CMakeTmp'
Building C object CMakeFiles/cmTC_91da5.dir/testCCompiler.c.o
/Applications/Xcode.app/Contents/Developer/Toolchains/XcodeDefault.xctoolchain/usr/bin/cc     -o CMakeFiles/cmTC_91da5.dir/testCCompiler.c.o   -c /Users/bog/Downloads/dlib-18.18/tools/python/build/CMakeFiles/CMakeTmp/testCCompiler.c
Linking C executable cmTC_91da5
/opt/local/bin/cmake -E cmake_link_script CMakeFiles/cmTC_91da5.dir/link.txt --verbose=1
/Applications/Xcode.app/Contents/Developer/Toolchains/XcodeDefault.xctoolchain/usr/bin/cc    -Wl,-search_paths_first -Wl,-headerpad_max_install_names   CMakeFiles/cmTC_91da5.dir/testCCompiler.c.o  -o cmTC_91da5  
gmake[1]: Leaving directory '/Users/bog/Downloads/dlib-18.18/tools/python/build/CMakeFiles/CMakeTmp'


Detecting C compiler ABI info compiled with the following output:
Change Dir: /Users/bog/Downloads/dlib-18.18/tools/python/build/CMakeFiles/CMakeTmp

Run Build Command:"/opt/local/bin/gmake" "cmTC_b8408/fast"
/opt/local/bin/gmake -f CMakeFiles/cmTC_b8408.dir/build.make CMakeFiles/cmTC_b8408.dir/build
gmake[1]: Entering directory '/Users/bog/Downloads/dlib-18.18/tools/python/build/CMakeFiles/CMakeTmp'
Building C object CMakeFiles/cmTC_b8408.dir/CMakeCCompilerABI.c.o
/Applications/Xcode.app/Contents/Developer/Toolchains/XcodeDefault.xctoolchain/usr/bin/cc     -o CMakeFiles/cmTC_b8408.dir/CMakeCCompilerABI.c.o   -c /opt/local/share/cmake-3.5/Modules/CMakeCCompilerABI.c
Linking C executable cmTC_b8408
/opt/local/bin/cmake -E cmake_link_script CMakeFiles/cmTC_b8408.dir/link.txt --verbose=1
/Applications/Xcode.app/Contents/Developer/Toolchains/XcodeDefault.xctoolchain/usr/bin/cc    -Wl,-search_paths_first -Wl,-headerpad_max_install_names  -v -Wl,-v CMakeFiles/cmTC_b8408.dir/CMakeCCompilerABI.c.o  -o cmTC_b8408   
Apple LLVM version 7.0.2 (clang-700.1.81)
Target: x86_64-apple-darwin14.5.0
Thread model: posix
 "/Applications/Xcode.app/Contents/Developer/Toolchains/XcodeDefault.xctoolchain/usr/bin/ld" -demangle -dynamic -arch x86_64 -macosx_version_min 10.10.0 -o cmTC_b8408 -search_paths_first -headerpad_max_install_names -v CMakeFiles/cmTC_b8408.dir/CMakeCCompilerABI.c.o -lSystem /Applications/Xcode.app/Contents/Developer/Toolchains/XcodeDefault.xctoolchain/usr/bin/../lib/clang/7.0.2/lib/darwin/libclang_rt.osx.a
@(#)PROGRAM:ld  PROJECT:ld64-253.9
configured to support archs: armv6 armv7 armv7s arm64 i386 x86_64 x86_64h armv6m armv7k armv7m armv7em (tvOS)
Library search paths:
	/usr/lib
	/usr/local/lib
Framework search paths:
	/Library/Frameworks/
	/System/Library/Frameworks/
gmake[1]: Leaving directory '/Users/bog/Downloads/dlib-18.18/tools/python/build/CMakeFiles/CMakeTmp'


Parsed C implicit link information from above output:
  link line regex: [^( *|.*[/\])(ld|([^/\]+-)?ld|collect2)[^/\]*( |$)]
  ignore line: [Change Dir: /Users/bog/Downloads/dlib-18.18/tools/python/build/CMakeFiles/CMakeTmp]
  ignore line: []
  ignore line: [Run Build Command:"/opt/local/bin/gmake" "cmTC_b8408/fast"]
  ignore line: [/opt/local/bin/gmake -f CMakeFiles/cmTC_b8408.dir/build.make CMakeFiles/cmTC_b8408.dir/build]
  ignore line: [gmake[1]: Entering directory '/Users/bog/Downloads/dlib-18.18/tools/python/build/CMakeFiles/CMakeTmp']
  ignore line: [Building C object CMakeFiles/cmTC_b8408.dir/CMakeCCompilerABI.c.o]
  ignore line: [/Applications/Xcode.app/Contents/Developer/Toolchains/XcodeDefault.xctoolchain/usr/bin/cc     -o CMakeFiles/cmTC_b8408.dir/CMakeCCompilerABI.c.o   -c /opt/local/share/cmake-3.5/Modules/CMakeCCompilerABI.c]
  ignore line: [Linking C executable cmTC_b8408]
  ignore line: [/opt/local/bin/cmake -E cmake_link_script CMakeFiles/cmTC_b8408.dir/link.txt --verbose=1]
  ignore line: [/Applications/Xcode.app/Contents/Developer/Toolchains/XcodeDefault.xctoolchain/usr/bin/cc    -Wl,-search_paths_first -Wl,-headerpad_max_install_names  -v -Wl,-v CMakeFiles/cmTC_b8408.dir/CMakeCCompilerABI.c.o  -o cmTC_b8408   ]
  ignore line: [Apple LLVM version 7.0.2 (clang-700.1.81)]
  ignore line: [Target: x86_64-apple-darwin14.5.0]
  ignore line: [Thread model: posix]
  link line: [ "/Applications/Xcode.app/Contents/Developer/Toolchains/XcodeDefault.xctoolchain/usr/bin/ld" -demangle -dynamic -arch x86_64 -macosx_version_min 10.10.0 -o cmTC_b8408 -search_paths_first -headerpad_max_install_names -v CMakeFiles/cmTC_b8408.dir/CMakeCCompilerABI.c.o -lSystem /Applications/Xcode.app/Contents/Developer/Toolchains/XcodeDefault.xctoolchain/usr/bin/../lib/clang/7.0.2/lib/darwin/libclang_rt.osx.a]
    arg [/Applications/Xcode.app/Contents/Developer/Toolchains/XcodeDefault.xctoolchain/usr/bin/ld] ==> ignore
    arg [-demangle] ==> ignore
    arg [-dynamic] ==> ignore
    arg [-arch] ==> ignore
    arg [x86_64] ==> ignore
    arg [-macosx_version_min] ==> ignore
    arg [10.10.0] ==> ignore
    arg [-o] ==> ignore
    arg [cmTC_b8408] ==> ignore
    arg [-search_paths_first] ==> ignore
    arg [-headerpad_max_install_names] ==> ignore
    arg [-v] ==> ignore
    arg [CMakeFiles/cmTC_b8408.dir/CMakeCCompilerABI.c.o] ==> ignore
    arg [-lSystem] ==> lib [System]
    arg [/Applications/Xcode.app/Contents/Developer/Toolchains/XcodeDefault.xctoolchain/usr/bin/../lib/clang/7.0.2/lib/darwin/libclang_rt.osx.a] ==> lib [/Applications/Xcode.app/Contents/Developer/Toolchains/XcodeDefault.xctoolchain/usr/bin/../lib/clang/7.0.2/lib/darwin/libclang_rt.osx.a]
  Library search paths: [;/usr/lib;/usr/local/lib]
  Framework search paths: [;/Library/Frameworks/;/System/Library/Frameworks/]
  remove lib [System]
  collapse lib [/Applications/Xcode.app/Contents/Developer/Toolchains/XcodeDefault.xctoolchain/usr/bin/../lib/clang/7.0.2/lib/darwin/libclang_rt.osx.a] ==> [/Applications/Xcode.app/Contents/Developer/Toolchains/XcodeDefault.xctoolchain/usr/lib/clang/7.0.2/lib/darwin/libclang_rt.osx.a]
  collapse library dir [/usr/lib] ==> [/usr/lib]
  collapse library dir [/usr/local/lib] ==> [/usr/local/lib]
  collapse framework dir [/Library/Frameworks/] ==> [/Library/Frameworks]
  collapse framework dir [/System/Library/Frameworks/] ==> [/System/Library/Frameworks]
  implicit libs: [/Applications/Xcode.app/Contents/Developer/Toolchains/XcodeDefault.xctoolchain/usr/lib/clang/7.0.2/lib/darwin/libclang_rt.osx.a]
  implicit dirs: [/usr/lib;/usr/local/lib]
  implicit fwks: [/Library/Frameworks;/System/Library/Frameworks]




Detecting C [-std=c11] compiler features compiled with the following output:
Change Dir: /Users/bog/Downloads/dlib-18.18/tools/python/build/CMakeFiles/CMakeTmp

Run Build Command:"/opt/local/bin/gmake" "cmTC_c38c7/fast"
/opt/local/bin/gmake -f CMakeFiles/cmTC_c38c7.dir/build.make CMakeFiles/cmTC_c38c7.dir/build
gmake[1]: Entering directory '/Users/bog/Downloads/dlib-18.18/tools/python/build/CMakeFiles/CMakeTmp'
Building C object CMakeFiles/cmTC_c38c7.dir/feature_tests.c.o
/Applications/Xcode.app/Contents/Developer/Toolchains/XcodeDefault.xctoolchain/usr/bin/cc    -std=c11 -o CMakeFiles/cmTC_c38c7.dir/feature_tests.c.o   -c /Users/bog/Downloads/dlib-18.18/tools/python/build/CMakeFiles/feature_tests.c
Linking C executable cmTC_c38c7
/opt/local/bin/cmake -E cmake_link_script CMakeFiles/cmTC_c38c7.dir/link.txt --verbose=1
/Applications/Xcode.app/Contents/Developer/Toolchains/XcodeDefault.xctoolchain/usr/bin/cc    -Wl,-search_paths_first -Wl,-headerpad_max_install_names   CMakeFiles/cmTC_c38c7.dir/feature_tests.c.o  -o cmTC_c38c7  
gmake[1]: Leaving directory '/Users/bog/Downloads/dlib-18.18/tools/python/build/CMakeFiles/CMakeTmp'


    Feature record: C_FEATURE:1c_function_prototypes
    Feature record: C_FEATURE:1c_restrict
    Feature record: C_FEATURE:1c_static_assert
    Feature record: C_FEATURE:1c_variadic_macros


Detecting C [-std=c99] compiler features compiled with the following output:
Change Dir: /Users/bog/Downloads/dlib-18.18/tools/python/build/CMakeFiles/CMakeTmp

Run Build Command:"/opt/local/bin/gmake" "cmTC_4b63b/fast"
/opt/local/bin/gmake -f CMakeFiles/cmTC_4b63b.dir/build.make CMakeFiles/cmTC_4b63b.dir/build
gmake[1]: Entering directory '/Users/bog/Downloads/dlib-18.18/tools/python/build/CMakeFiles/CMakeTmp'
Building C object CMakeFiles/cmTC_4b63b.dir/feature_tests.c.o
/Applications/Xcode.app/Contents/Developer/Toolchains/XcodeDefault.xctoolchain/usr/bin/cc    -std=c99 -o CMakeFiles/cmTC_4b63b.dir/feature_tests.c.o   -c /Users/bog/Downloads/dlib-18.18/tools/python/build/CMakeFiles/feature_tests.c
Linking C executable cmTC_4b63b
/opt/local/bin/cmake -E cmake_link_script CMakeFiles/cmTC_4b63b.dir/link.txt --verbose=1
/Applications/Xcode.app/Contents/Developer/Toolchains/XcodeDefault.xctoolchain/usr/bin/cc    -Wl,-search_paths_first -Wl,-headerpad_max_install_names   CMakeFiles/cmTC_4b63b.dir/feature_tests.c.o  -o cmTC_4b63b  
gmake[1]: Leaving directory '/Users/bog/Downloads/dlib-18.18/tools/python/build/CMakeFiles/CMakeTmp'


    Feature record: C_FEATURE:1c_function_prototypes
    Feature record: C_FEATURE:1c_restrict
    Feature record: C_FEATURE:0c_static_assert
    Feature record: C_FEATURE:1c_variadic_macros


Detecting C [-std=c90] compiler features compiled with the following output:
Change Dir: /Users/bog/Downloads/dlib-18.18/tools/python/build/CMakeFiles/CMakeTmp

Run Build Command:"/opt/local/bin/gmake" "cmTC_5c7d7/fast"
/opt/local/bin/gmake -f CMakeFiles/cmTC_5c7d7.dir/build.make CMakeFiles/cmTC_5c7d7.dir/build
gmake[1]: Entering directory '/Users/bog/Downloads/dlib-18.18/tools/python/build/CMakeFiles/CMakeTmp'
Building C object CMakeFiles/cmTC_5c7d7.dir/feature_tests.c.o
/Applications/Xcode.app/Contents/Developer/Toolchains/XcodeDefault.xctoolchain/usr/bin/cc    -std=c90 -o CMakeFiles/cmTC_5c7d7.dir/feature_tests.c.o   -c /Users/bog/Downloads/dlib-18.18/tools/python/build/CMakeFiles/feature_tests.c
Linking C executable cmTC_5c7d7
/opt/local/bin/cmake -E cmake_link_script CMakeFiles/cmTC_5c7d7.dir/link.txt --verbose=1
/Applications/Xcode.app/Contents/Developer/Toolchains/XcodeDefault.xctoolchain/usr/bin/cc    -Wl,-search_paths_first -Wl,-headerpad_max_install_names   CMakeFiles/cmTC_5c7d7.dir/feature_tests.c.o  -o cmTC_5c7d7  
gmake[1]: Leaving directory '/Users/bog/Downloads/dlib-18.18/tools/python/build/CMakeFiles/CMakeTmp'


    Feature record: C_FEATURE:1c_function_prototypes
    Feature record: C_FEATURE:0c_restrict
    Feature record: C_FEATURE:0c_static_assert
    Feature record: C_FEATURE:0c_variadic_macros
Determining if the CXX compiler works passed with the following output:
Change Dir: /Users/bog/Downloads/dlib-18.18/tools/python/build/CMakeFiles/CMakeTmp

Run Build Command:"/opt/local/bin/gmake" "cmTC_3642b/fast"
/opt/local/bin/gmake -f CMakeFiles/cmTC_3642b.dir/build.make CMakeFiles/cmTC_3642b.dir/build
gmake[1]: Entering directory '/Users/bog/Downloads/dlib-18.18/tools/python/build/CMakeFiles/CMakeTmp'
Building CXX object CMakeFiles/cmTC_3642b.dir/testCXXCompiler.cxx.o
/Applications/Xcode.app/Contents/Developer/Toolchains/XcodeDefault.xctoolchain/usr/bin/c++      -o CMakeFiles/cmTC_3642b.dir/testCXXCompiler.cxx.o -c /Users/bog/Downloads/dlib-18.18/tools/python/build/CMakeFiles/CMakeTmp/testCXXCompiler.cxx
Linking CXX executable cmTC_3642b
/opt/local/bin/cmake -E cmake_link_script CMakeFiles/cmTC_3642b.dir/link.txt --verbose=1
/Applications/Xcode.app/Contents/Developer/Toolchains/XcodeDefault.xctoolchain/usr/bin/c++     -Wl,-search_paths_first -Wl,-headerpad_max_install_names   CMakeFiles/cmTC_3642b.dir/testCXXCompiler.cxx.o  -o cmTC_3642b  
gmake[1]: Leaving directory '/Users/bog/Downloads/dlib-18.18/tools/python/build/CMakeFiles/CMakeTmp'


Detecting CXX compiler ABI info compiled with the following output:
Change Dir: /Users/bog/Downloads/dlib-18.18/tools/python/build/CMakeFiles/CMakeTmp

Run Build Command:"/opt/local/bin/gmake" "cmTC_3e26a/fast"
/opt/local/bin/gmake -f CMakeFiles/cmTC_3e26a.dir/build.make CMakeFiles/cmTC_3e26a.dir/build
gmake[1]: Entering directory '/Users/bog/Downloads/dlib-18.18/tools/python/build/CMakeFiles/CMakeTmp'
Building CXX object CMakeFiles/cmTC_3e26a.dir/CMakeCXXCompilerABI.cpp.o
/Applications/Xcode.app/Contents/Developer/Toolchains/XcodeDefault.xctoolchain/usr/bin/c++      -o CMakeFiles/cmTC_3e26a.dir/CMakeCXXCompilerABI.cpp.o -c /opt/local/share/cmake-3.5/Modules/CMakeCXXCompilerABI.cpp
Linking CXX executable cmTC_3e26a
/opt/local/bin/cmake -E cmake_link_script CMakeFiles/cmTC_3e26a.dir/link.txt --verbose=1
/Applications/Xcode.app/Contents/Developer/Toolchains/XcodeDefault.xctoolchain/usr/bin/c++     -Wl,-search_paths_first -Wl,-headerpad_max_install_names  -v -Wl,-v CMakeFiles/cmTC_3e26a.dir/CMakeCXXCompilerABI.cpp.o  -o cmTC_3e26a   
Apple LLVM version 7.0.2 (clang-700.1.81)
Target: x86_64-apple-darwin14.5.0
Thread model: posix
 "/Applications/Xcode.app/Contents/Developer/Toolchains/XcodeDefault.xctoolchain/usr/bin/ld" -demangle -dynamic -arch x86_64 -macosx_version_min 10.10.0 -o cmTC_3e26a -search_paths_first -headerpad_max_install_names -v CMakeFiles/cmTC_3e26a.dir/CMakeCXXCompilerABI.cpp.o -lc++ -lSystem /Applications/Xcode.app/Contents/Developer/Toolchains/XcodeDefault.xctoolchain/usr/bin/../lib/clang/7.0.2/lib/darwin/libclang_rt.osx.a
@(#)PROGRAM:ld  PROJECT:ld64-253.9
configured to support archs: armv6 armv7 armv7s arm64 i386 x86_64 x86_64h armv6m armv7k armv7m armv7em (tvOS)
Library search paths:
	/usr/lib
	/usr/local/lib
Framework search paths:
	/Library/Frameworks/
	/System/Library/Frameworks/
gmake[1]: Leaving directory '/Users/bog/Downloads/dlib-18.18/tools/python/build/CMakeFiles/CMakeTmp'


Parsed CXX implicit link information from above output:
  link line regex: [^( *|.*[/\])(ld|([^/\]+-)?ld|collect2)[^/\]*( |$)]
  ignore line: [Change Dir: /Users/bog/Downloads/dlib-18.18/tools/python/build/CMakeFiles/CMakeTmp]
  ignore line: []
  ignore line: [Run Build Command:"/opt/local/bin/gmake" "cmTC_3e26a/fast"]
  ignore line: [/opt/local/bin/gmake -f CMakeFiles/cmTC_3e26a.dir/build.make CMakeFiles/cmTC_3e26a.dir/build]
  ignore line: [gmake[1]: Entering directory '/Users/bog/Downloads/dlib-18.18/tools/python/build/CMakeFiles/CMakeTmp']
  ignore line: [Building CXX object CMakeFiles/cmTC_3e26a.dir/CMakeCXXCompilerABI.cpp.o]
  ignore line: [/Applications/Xcode.app/Contents/Developer/Toolchains/XcodeDefault.xctoolchain/usr/bin/c++      -o CMakeFiles/cmTC_3e26a.dir/CMakeCXXCompilerABI.cpp.o -c /opt/local/share/cmake-3.5/Modules/CMakeCXXCompilerABI.cpp]
  ignore line: [Linking CXX executable cmTC_3e26a]
  ignore line: [/opt/local/bin/cmake -E cmake_link_script CMakeFiles/cmTC_3e26a.dir/link.txt --verbose=1]
  ignore line: [/Applications/Xcode.app/Contents/Developer/Toolchains/XcodeDefault.xctoolchain/usr/bin/c++     -Wl,-search_paths_first -Wl,-headerpad_max_install_names  -v -Wl,-v CMakeFiles/cmTC_3e26a.dir/CMakeCXXCompilerABI.cpp.o  -o cmTC_3e26a   ]
  ignore line: [Apple LLVM version 7.0.2 (clang-700.1.81)]
  ignore line: [Target: x86_64-apple-darwin14.5.0]
  ignore line: [Thread model: posix]
  link line: [ "/Applications/Xcode.app/Contents/Developer/Toolchains/XcodeDefault.xctoolchain/usr/bin/ld" -demangle -dynamic -arch x86_64 -macosx_version_min 10.10.0 -o cmTC_3e26a -search_paths_first -headerpad_max_install_names -v CMakeFiles/cmTC_3e26a.dir/CMakeCXXCompilerABI.cpp.o -lc++ -lSystem /Applications/Xcode.app/Contents/Developer/Toolchains/XcodeDefault.xctoolchain/usr/bin/../lib/clang/7.0.2/lib/darwin/libclang_rt.osx.a]
    arg [/Applications/Xcode.app/Contents/Developer/Toolchains/XcodeDefault.xctoolchain/usr/bin/ld] ==> ignore
    arg [-demangle] ==> ignore
    arg [-dynamic] ==> ignore
    arg [-arch] ==> ignore
    arg [x86_64] ==> ignore
    arg [-macosx_version_min] ==> ignore
    arg [10.10.0] ==> ignore
    arg [-o] ==> ignore
    arg [cmTC_3e26a] ==> ignore
    arg [-search_paths_first] ==> ignore
    arg [-headerpad_max_install_names] ==> ignore
    arg [-v] ==> ignore
    arg [CMakeFiles/cmTC_3e26a.dir/CMakeCXXCompilerABI.cpp.o] ==> ignore
    arg [-lc++] ==> lib [c++]
    arg [-lSystem] ==> lib [System]
    arg [/Applications/Xcode.app/Contents/Developer/Toolchains/XcodeDefault.xctoolchain/usr/bin/../lib/clang/7.0.2/lib/darwin/libclang_rt.osx.a] ==> lib [/Applications/Xcode.app/Contents/Developer/Toolchains/XcodeDefault.xctoolchain/usr/bin/../lib/clang/7.0.2/lib/darwin/libclang_rt.osx.a]
  Library search paths: [;/usr/lib;/usr/local/lib]
  Framework search paths: [;/Library/Frameworks/;/System/Library/Frameworks/]
  remove lib [System]
  collapse lib [/Applications/Xcode.app/Contents/Developer/Toolchains/XcodeDefault.xctoolchain/usr/bin/../lib/clang/7.0.2/lib/darwin/libclang_rt.osx.a] ==> [/Applications/Xcode.app/Contents/Developer/Toolchains/XcodeDefault.xctoolchain/usr/lib/clang/7.0.2/lib/darwin/libclang_rt.osx.a]
  collapse library dir [/usr/lib] ==> [/usr/lib]
  collapse library dir [/usr/local/lib] ==> [/usr/local/lib]
  collapse framework dir [/Library/Frameworks/] ==> [/Library/Frameworks]
  collapse framework dir [/System/Library/Frameworks/] ==> [/System/Library/Frameworks]
  implicit libs: [c++;/Applications/Xcode.app/Contents/Developer/Toolchains/XcodeDefault.xctoolchain/usr/lib/clang/7.0.2/lib/darwin/libclang_rt.osx.a]
  implicit dirs: [/usr/lib;/usr/local/lib]
  implicit fwks: [/Library/Frameworks;/System/Library/Frameworks]




Detecting CXX [-std=c++14] compiler features compiled with the following output:
Change Dir: /Users/bog/Downloads/dlib-18.18/tools/python/build/CMakeFiles/CMakeTmp

Run Build Command:"/opt/local/bin/gmake" "cmTC_d5100/fast"
/opt/local/bin/gmake -f CMakeFiles/cmTC_d5100.dir/build.make CMakeFiles/cmTC_d5100.dir/build
gmake[1]: Entering directory '/Users/bog/Downloads/dlib-18.18/tools/python/build/CMakeFiles/CMakeTmp'
Building CXX object CMakeFiles/cmTC_d5100.dir/feature_tests.cxx.o
/Applications/Xcode.app/Contents/Developer/Toolchains/XcodeDefault.xctoolchain/usr/bin/c++     -std=c++14 -o CMakeFiles/cmTC_d5100.dir/feature_tests.cxx.o -c /Users/bog/Downloads/dlib-18.18/tools/python/build/CMakeFiles/feature_tests.cxx
Linking CXX executable cmTC_d5100
/opt/local/bin/cmake -E cmake_link_script CMakeFiles/cmTC_d5100.dir/link.txt --verbose=1
/Applications/Xcode.app/Contents/Developer/Toolchains/XcodeDefault.xctoolchain/usr/bin/c++     -Wl,-search_paths_first -Wl,-headerpad_max_install_names   CMakeFiles/cmTC_d5100.dir/feature_tests.cxx.o  -o cmTC_d5100  
gmake[1]: Leaving directory '/Users/bog/Downloads/dlib-18.18/tools/python/build/CMakeFiles/CMakeTmp'


    Feature record: CXX_FEATURE:1cxx_aggregate_default_initializers
    Feature record: CXX_FEATURE:1cxx_alias_templates
    Feature record: CXX_FEATURE:1cxx_alignas
    Feature record: CXX_FEATURE:1cxx_alignof
    Feature record: CXX_FEATURE:1cxx_attributes
    Feature record: CXX_FEATURE:1cxx_attribute_deprecated
    Feature record: CXX_FEATURE:1cxx_auto_type
    Feature record: CXX_FEATURE:1cxx_binary_literals
    Feature record: CXX_FEATURE:1cxx_constexpr
    Feature record: CXX_FEATURE:1cxx_contextual_conversions
    Feature record: CXX_FEATURE:1cxx_decltype
    Feature record: CXX_FEATURE:1cxx_decltype_auto
    Feature record: CXX_FEATURE:1cxx_decltype_incomplete_return_types
    Feature record: CXX_FEATURE:1cxx_default_function_template_args
    Feature record: CXX_FEATURE:1cxx_defaulted_functions
    Feature record: CXX_FEATURE:1cxx_defaulted_move_initializers
    Feature record: CXX_FEATURE:1cxx_delegating_constructors
    Feature record: CXX_FEATURE:1cxx_deleted_functions
    Feature record: CXX_FEATURE:1cxx_digit_separators
    Feature record: CXX_FEATURE:1cxx_enum_forward_declarations
    Feature record: CXX_FEATURE:1cxx_explicit_conversions
    Feature record: CXX_FEATURE:1cxx_extended_friend_declarations
    Feature record: CXX_FEATURE:1cxx_extern_templates
    Feature record: CXX_FEATURE:1cxx_final
    Feature record: CXX_FEATURE:1cxx_func_identifier
    Feature record: CXX_FEATURE:1cxx_generalized_initializers
    Feature record: CXX_FEATURE:1cxx_generic_lambdas
    Feature record: CXX_FEATURE:1cxx_inheriting_constructors
    Feature record: CXX_FEATURE:1cxx_inline_namespaces
    Feature record: CXX_FEATURE:1cxx_lambdas
    Feature record: CXX_FEATURE:1cxx_lambda_init_captures
    Feature record: CXX_FEATURE:1cxx_local_type_template_args
    Feature record: CXX_FEATURE:1cxx_long_long_type
    Feature record: CXX_FEATURE:1cxx_noexcept
    Feature record: CXX_FEATURE:1cxx_nonstatic_member_init
    Feature record: CXX_FEATURE:1cxx_nullptr
    Feature record: CXX_FEATURE:1cxx_override
    Feature record: CXX_FEATURE:1cxx_range_for
    Feature record: CXX_FEATURE:1cxx_raw_string_literals
    Feature record: CXX_FEATURE:1cxx_reference_qualified_functions
    Feature record: CXX_FEATURE:1cxx_relaxed_constexpr
    Feature record: CXX_FEATURE:1cxx_return_type_deduction
    Feature record: CXX_FEATURE:1cxx_right_angle_brackets
    Feature record: CXX_FEATURE:1cxx_rvalue_references
    Feature record: CXX_FEATURE:1cxx_sizeof_member
    Feature record: CXX_FEATURE:1cxx_static_assert
    Feature record: CXX_FEATURE:1cxx_strong_enums
    Feature record: CXX_FEATURE:1cxx_template_template_parameters
    Feature record: CXX_FEATURE:0cxx_thread_local
    Feature record: CXX_FEATURE:1cxx_trailing_return_types
    Feature record: CXX_FEATURE:1cxx_unicode_literals
    Feature record: CXX_FEATURE:1cxx_uniform_initialization
    Feature record: CXX_FEATURE:1cxx_unrestricted_unions
    Feature record: CXX_FEATURE:1cxx_user_literals
    Feature record: CXX_FEATURE:1cxx_variable_templates
    Feature record: CXX_FEATURE:1cxx_variadic_macros
    Feature record: CXX_FEATURE:1cxx_variadic_templates


Detecting CXX [-std=c++11] compiler features compiled with the following output:
Change Dir: /Users/bog/Downloads/dlib-18.18/tools/python/build/CMakeFiles/CMakeTmp

Run Build Command:"/opt/local/bin/gmake" "cmTC_1b268/fast"
/opt/local/bin/gmake -f CMakeFiles/cmTC_1b268.dir/build.make CMakeFiles/cmTC_1b268.dir/build
gmake[1]: Entering directory '/Users/bog/Downloads/dlib-18.18/tools/python/build/CMakeFiles/CMakeTmp'
Building CXX object CMakeFiles/cmTC_1b268.dir/feature_tests.cxx.o
/Applications/Xcode.app/Contents/Developer/Toolchains/XcodeDefault.xctoolchain/usr/bin/c++     -std=c++11 -o CMakeFiles/cmTC_1b268.dir/feature_tests.cxx.o -c /Users/bog/Downloads/dlib-18.18/tools/python/build/CMakeFiles/feature_tests.cxx
Linking CXX executable cmTC_1b268
/opt/local/bin/cmake -E cmake_link_script CMakeFiles/cmTC_1b268.dir/link.txt --verbose=1
/Applications/Xcode.app/Contents/Developer/Toolchains/XcodeDefault.xctoolchain/usr/bin/c++     -Wl,-search_paths_first -Wl,-headerpad_max_install_names   CMakeFiles/cmTC_1b268.dir/feature_tests.cxx.o  -o cmTC_1b268  
gmake[1]: Leaving directory '/Users/bog/Downloads/dlib-18.18/tools/python/build/CMakeFiles/CMakeTmp'


    Feature record: CXX_FEATURE:0cxx_aggregate_default_initializers
    Feature record: CXX_FEATURE:1cxx_alias_templates
    Feature record: CXX_FEATURE:1cxx_alignas
    Feature record: CXX_FEATURE:1cxx_alignof
    Feature record: CXX_FEATURE:1cxx_attributes
    Feature record: CXX_FEATURE:0cxx_attribute_deprecated
    Feature record: CXX_FEATURE:1cxx_auto_type
    Feature record: CXX_FEATURE:0cxx_binary_literals
    Feature record: CXX_FEATURE:1cxx_constexpr
    Feature record: CXX_FEATURE:0cxx_contextual_conversions
    Feature record: CXX_FEATURE:1cxx_decltype
    Feature record: CXX_FEATURE:0cxx_decltype_auto
    Feature record: CXX_FEATURE:1cxx_decltype_incomplete_return_types
    Feature record: CXX_FEATURE:1cxx_default_function_template_args
    Feature record: CXX_FEATURE:1cxx_defaulted_functions
    Feature record: CXX_FEATURE:1cxx_defaulted_move_initializers
    Feature record: CXX_FEATURE:1cxx_delegating_constructors
    Feature record: CXX_FEATURE:1cxx_deleted_functions
    Feature record: CXX_FEATURE:0cxx_digit_separators
    Feature record: CXX_FEATURE:1cxx_enum_forward_declarations
    Feature record: CXX_FEATURE:1cxx_explicit_conversions
    Feature record: CXX_FEATURE:1cxx_extended_friend_declarations
    Feature record: CXX_FEATURE:1cxx_extern_templates
    Feature record: CXX_FEATURE:1cxx_final
    Feature record: CXX_FEATURE:1cxx_func_identifier
    Feature record: CXX_FEATURE:1cxx_generalized_initializers
    Feature record: CXX_FEATURE:0cxx_generic_lambdas
    Feature record: CXX_FEATURE:1cxx_inheriting_constructors
    Feature record: CXX_FEATURE:1cxx_inline_namespaces
    Feature record: CXX_FEATURE:1cxx_lambdas
    Feature record: CXX_FEATURE:0cxx_lambda_init_captures
    Feature record: CXX_FEATURE:1cxx_local_type_template_args
    Feature record: CXX_FEATURE:1cxx_long_long_type
    Feature record: CXX_FEATURE:1cxx_noexcept
    Feature record: CXX_FEATURE:1cxx_nonstatic_member_init
    Feature record: CXX_FEATURE:1cxx_nullptr
    Feature record: CXX_FEATURE:1cxx_override
    Feature record: CXX_FEATURE:1cxx_range_for
    Feature record: CXX_FEATURE:1cxx_raw_string_literals
    Feature record: CXX_FEATURE:1cxx_reference_qualified_functions
    Feature record: CXX_FEATURE:0cxx_relaxed_constexpr
    Feature record: CXX_FEATURE:0cxx_return_type_deduction
    Feature record: CXX_FEATURE:1cxx_right_angle_brackets
    Feature record: CXX_FEATURE:1cxx_rvalue_references
    Feature record: CXX_FEATURE:1cxx_sizeof_member
    Feature record: CXX_FEATURE:1cxx_static_assert
    Feature record: CXX_FEATURE:1cxx_strong_enums
    Feature record: CXX_FEATURE:1cxx_template_template_parameters
    Feature record: CXX_FEATURE:0cxx_thread_local
    Feature record: CXX_FEATURE:1cxx_trailing_return_types
    Feature record: CXX_FEATURE:1cxx_unicode_literals
    Feature record: CXX_FEATURE:1cxx_uniform_initialization
    Feature record: CXX_FEATURE:1cxx_unrestricted_unions
    Feature record: CXX_FEATURE:1cxx_user_literals
    Feature record: CXX_FEATURE:0cxx_variable_templates
    Feature record: CXX_FEATURE:1cxx_variadic_macros
    Feature record: CXX_FEATURE:1cxx_variadic_templates


Detecting CXX [-std=c++98] compiler features compiled with the following output:
Change Dir: /Users/bog/Downloads/dlib-18.18/tools/python/build/CMakeFiles/CMakeTmp

Run Build Command:"/opt/local/bin/gmake" "cmTC_58c69/fast"
/opt/local/bin/gmake -f CMakeFiles/cmTC_58c69.dir/build.make CMakeFiles/cmTC_58c69.dir/build
gmake[1]: Entering directory '/Users/bog/Downloads/dlib-18.18/tools/python/build/CMakeFiles/CMakeTmp'
Building CXX object CMakeFiles/cmTC_58c69.dir/feature_tests.cxx.o
/Applications/Xcode.app/Contents/Developer/Toolchains/XcodeDefault.xctoolchain/usr/bin/c++     -std=c++98 -o CMakeFiles/cmTC_58c69.dir/feature_tests.cxx.o -c /Users/bog/Downloads/dlib-18.18/tools/python/build/CMakeFiles/feature_tests.cxx
Linking CXX executable cmTC_58c69
/opt/local/bin/cmake -E cmake_link_script CMakeFiles/cmTC_58c69.dir/link.txt --verbose=1
/Applications/Xcode.app/Contents/Developer/Toolchains/XcodeDefault.xctoolchain/usr/bin/c++     -Wl,-search_paths_first -Wl,-headerpad_max_install_names   CMakeFiles/cmTC_58c69.dir/feature_tests.cxx.o  -o cmTC_58c69  
gmake[1]: Leaving directory '/Users/bog/Downloads/dlib-18.18/tools/python/build/CMakeFiles/CMakeTmp'


    Feature record: CXX_FEATURE:0cxx_aggregate_default_initializers
    Feature record: CXX_FEATURE:0cxx_alias_templates
    Feature record: CXX_FEATURE:0cxx_alignas
    Feature record: CXX_FEATURE:0cxx_alignof
    Feature record: CXX_FEATURE:0cxx_attributes
    Feature record: CXX_FEATURE:0cxx_attribute_deprecated
    Feature record: CXX_FEATURE:0cxx_auto_type
    Feature record: CXX_FEATURE:0cxx_binary_literals
    Feature record: CXX_FEATURE:0cxx_constexpr
    Feature record: CXX_FEATURE:0cxx_contextual_conversions
    Feature record: CXX_FEATURE:0cxx_decltype
    Feature record: CXX_FEATURE:0cxx_decltype_auto
    Feature record: CXX_FEATURE:0cxx_decltype_incomplete_return_types
    Feature record: CXX_FEATURE:0cxx_default_function_template_args
    Feature record: CXX_FEATURE:0cxx_defaulted_functions
    Feature record: CXX_FEATURE:0cxx_defaulted_move_initializers
    Feature record: CXX_FEATURE:0cxx_delegating_constructors
    Feature record: CXX_FEATURE:0cxx_deleted_functions
    Feature record: CXX_FEATURE:0cxx_digit_separators
    Feature record: CXX_FEATURE:0cxx_enum_forward_declarations
    Feature record: CXX_FEATURE:0cxx_explicit_conversions
    Feature record: CXX_FEATURE:0cxx_extended_friend_declarations
    Feature record: CXX_FEATURE:0cxx_extern_templates
    Feature record: CXX_FEATURE:0cxx_final
    Feature record: CXX_FEATURE:0cxx_func_identifier
    Feature record: CXX_FEATURE:0cxx_generalized_initializers
    Feature record: CXX_FEATURE:0cxx_generic_lambdas
    Feature record: CXX_FEATURE:0cxx_inheriting_constructors
    Feature record: CXX_FEATURE:0cxx_inline_namespaces
    Feature record: CXX_FEATURE:0cxx_lambdas
    Feature record: CXX_FEATURE:0cxx_lambda_init_captures
    Feature record: CXX_FEATURE:0cxx_local_type_template_args
    Feature record: CXX_FEATURE:0cxx_long_long_type
    Feature record: CXX_FEATURE:0cxx_noexcept
    Feature record: CXX_FEATURE:0cxx_nonstatic_member_init
    Feature record: CXX_FEATURE:0cxx_nullptr
    Feature record: CXX_FEATURE:0cxx_override
    Feature record: CXX_FEATURE:0cxx_range_for
    Feature record: CXX_FEATURE:0cxx_raw_string_literals
    Feature record: CXX_FEATURE:0cxx_reference_qualified_functions
    Feature record: CXX_FEATURE:0cxx_relaxed_constexpr
    Feature record: CXX_FEATURE:0cxx_return_type_deduction
    Feature record: CXX_FEATURE:0cxx_right_angle_brackets
    Feature record: CXX_FEATURE:0cxx_rvalue_references
    Feature record: CXX_FEATURE:0cxx_sizeof_member
    Feature record: CXX_FEATURE:0cxx_static_assert
    Feature record: CXX_FEATURE:0cxx_strong_enums
    Feature record: CXX_FEATURE:1cxx_template_template_parameters
    Feature record: CXX_FEATURE:0cxx_thread_local
    Feature record: CXX_FEATURE:0cxx_trailing_return_types
    Feature record: CXX_FEATURE:0cxx_unicode_literals
    Feature record: CXX_FEATURE:0cxx_uniform_initialization
    Feature record: CXX_FEATURE:0cxx_unrestricted_unions
    Feature record: CXX_FEATURE:0cxx_user_literals
    Feature record: CXX_FEATURE:0cxx_variable_templates
    Feature record: CXX_FEATURE:0cxx_variadic_macros
    Feature record: CXX_FEATURE:0cxx_variadic_templates
Determining if the function png_create_read_struct exists passed with the following output:
Change Dir: /Users/bog/Downloads/dlib-18.18/tools/python/build/CMakeFiles/CMakeTmp

Run Build Command:"/opt/local/bin/gmake" "cmTC_3bfb2/fast"
/opt/local/bin/gmake -f CMakeFiles/cmTC_3bfb2.dir/build.make CMakeFiles/cmTC_3bfb2.dir/build
gmake[1]: Entering directory '/Users/bog/Downloads/dlib-18.18/tools/python/build/CMakeFiles/CMakeTmp'
Building C object CMakeFiles/cmTC_3bfb2.dir/CheckFunctionExists.c.o
/Applications/Xcode.app/Contents/Developer/Toolchains/XcodeDefault.xctoolchain/usr/bin/cc    -DCHECK_FUNCTION_EXISTS=png_create_read_struct -fPIE   -o CMakeFiles/cmTC_3bfb2.dir/CheckFunctionExists.c.o   -c /opt/local/share/cmake-3.5/Modules/CheckFunctionExists.c
Linking C executable cmTC_3bfb2
/opt/local/bin/cmake -E cmake_link_script CMakeFiles/cmTC_3bfb2.dir/link.txt --verbose=1
/Applications/Xcode.app/Contents/Developer/Toolchains/XcodeDefault.xctoolchain/usr/bin/cc   -DCHECK_FUNCTION_EXISTS=png_create_read_struct -Wl,-search_paths_first -Wl,-headerpad_max_install_names   CMakeFiles/cmTC_3bfb2.dir/CheckFunctionExists.c.o  -o cmTC_3bfb2  /opt/local/lib/libpng.dylib 
gmake[1]: Leaving directory '/Users/bog/Downloads/dlib-18.18/tools/python/build/CMakeFiles/CMakeTmp'


Determining if the function jpeg_read_header exists passed with the following output:
Change Dir: /Users/bog/Downloads/dlib-18.18/tools/python/build/CMakeFiles/CMakeTmp

Run Build Command:"/opt/local/bin/gmake" "cmTC_f0c23/fast"
/opt/local/bin/gmake -f CMakeFiles/cmTC_f0c23.dir/build.make CMakeFiles/cmTC_f0c23.dir/build
gmake[1]: Entering directory '/Users/bog/Downloads/dlib-18.18/tools/python/build/CMakeFiles/CMakeTmp'
Building C object CMakeFiles/cmTC_f0c23.dir/CheckFunctionExists.c.o
/Applications/Xcode.app/Contents/Developer/Toolchains/XcodeDefault.xctoolchain/usr/bin/cc    -DCHECK_FUNCTION_EXISTS=jpeg_read_header -fPIE   -o CMakeFiles/cmTC_f0c23.dir/CheckFunctionExists.c.o   -c /opt/local/share/cmake-3.5/Modules/CheckFunctionExists.c
Linking C executable cmTC_f0c23
/opt/local/bin/cmake -E cmake_link_script CMakeFiles/cmTC_f0c23.dir/link.txt --verbose=1
/Applications/Xcode.app/Contents/Developer/Toolchains/XcodeDefault.xctoolchain/usr/bin/cc   -DCHECK_FUNCTION_EXISTS=jpeg_read_header -Wl,-search_paths_first -Wl,-headerpad_max_install_names   CMakeFiles/cmTC_f0c23.dir/CheckFunctionExists.c.o  -o cmTC_f0c23  /opt/local/lib/libjpeg.dylib 
gmake[1]: Leaving directory '/Users/bog/Downloads/dlib-18.18/tools/python/build/CMakeFiles/CMakeTmp'


Determining if the include file sys/types.h exists passed with the following output:
Change Dir: /Users/bog/Downloads/dlib-18.18/tools/python/build/CMakeFiles/CMakeTmp

Run Build Command:"/opt/local/bin/gmake" "cmTC_fd875/fast"
/opt/local/bin/gmake -f CMakeFiles/cmTC_fd875.dir/build.make CMakeFiles/cmTC_fd875.dir/build
gmake[1]: Entering directory '/Users/bog/Downloads/dlib-18.18/tools/python/build/CMakeFiles/CMakeTmp'
Building C object CMakeFiles/cmTC_fd875.dir/CheckIncludeFile.c.o
/Applications/Xcode.app/Contents/Developer/Toolchains/XcodeDefault.xctoolchain/usr/bin/cc    -fPIE   -o CMakeFiles/cmTC_fd875.dir/CheckIncludeFile.c.o   -c /Users/bog/Downloads/dlib-18.18/tools/python/build/CMakeFiles/CMakeTmp/CheckIncludeFile.c
Linking C executable cmTC_fd875
/opt/local/bin/cmake -E cmake_link_script CMakeFiles/cmTC_fd875.dir/link.txt --verbose=1
/Applications/Xcode.app/Contents/Developer/Toolchains/XcodeDefault.xctoolchain/usr/bin/cc    -Wl,-search_paths_first -Wl,-headerpad_max_install_names   CMakeFiles/cmTC_fd875.dir/CheckIncludeFile.c.o  -o cmTC_fd875  
gmake[1]: Leaving directory '/Users/bog/Downloads/dlib-18.18/tools/python/build/CMakeFiles/CMakeTmp'


Determining if the include file stdint.h exists passed with the following output:
Change Dir: /Users/bog/Downloads/dlib-18.18/tools/python/build/CMakeFiles/CMakeTmp

Run Build Command:"/opt/local/bin/gmake" "cmTC_df470/fast"
/opt/local/bin/gmake -f CMakeFiles/cmTC_df470.dir/build.make CMakeFiles/cmTC_df470.dir/build
gmake[1]: Entering directory '/Users/bog/Downloads/dlib-18.18/tools/python/build/CMakeFiles/CMakeTmp'
Building C object CMakeFiles/cmTC_df470.dir/CheckIncludeFile.c.o
/Applications/Xcode.app/Contents/Developer/Toolchains/XcodeDefault.xctoolchain/usr/bin/cc    -fPIE   -o CMakeFiles/cmTC_df470.dir/CheckIncludeFile.c.o   -c /Users/bog/Downloads/dlib-18.18/tools/python/build/CMakeFiles/CMakeTmp/CheckIncludeFile.c
Linking C executable cmTC_df470
/opt/local/bin/cmake -E cmake_link_script CMakeFiles/cmTC_df470.dir/link.txt --verbose=1
/Applications/Xcode.app/Contents/Developer/Toolchains/XcodeDefault.xctoolchain/usr/bin/cc    -Wl,-search_paths_first -Wl,-headerpad_max_install_names   CMakeFiles/cmTC_df470.dir/CheckIncludeFile.c.o  -o cmTC_df470  
gmake[1]: Leaving directory '/Users/bog/Downloads/dlib-18.18/tools/python/build/CMakeFiles/CMakeTmp'


Determining if the include file stddef.h exists passed with the following output:
Change Dir: /Users/bog/Downloads/dlib-18.18/tools/python/build/CMakeFiles/CMakeTmp

Run Build Command:"/opt/local/bin/gmake" "cmTC_a9b97/fast"
/opt/local/bin/gmake -f CMakeFiles/cmTC_a9b97.dir/build.make CMakeFiles/cmTC_a9b97.dir/build
gmake[1]: Entering directory '/Users/bog/Downloads/dlib-18.18/tools/python/build/CMakeFiles/CMakeTmp'
Building C object CMakeFiles/cmTC_a9b97.dir/CheckIncludeFile.c.o
/Applications/Xcode.app/Contents/Developer/Toolchains/XcodeDefault.xctoolchain/usr/bin/cc    -fPIE   -o CMakeFiles/cmTC_a9b97.dir/CheckIncludeFile.c.o   -c /Users/bog/Downloads/dlib-18.18/tools/python/build/CMakeFiles/CMakeTmp/CheckIncludeFile.c
Linking C executable cmTC_a9b97
/opt/local/bin/cmake -E cmake_link_script CMakeFiles/cmTC_a9b97.dir/link.txt --verbose=1
/Applications/Xcode.app/Contents/Developer/Toolchains/XcodeDefault.xctoolchain/usr/bin/cc    -Wl,-search_paths_first -Wl,-headerpad_max_install_names   CMakeFiles/cmTC_a9b97.dir/CheckIncludeFile.c.o  -o cmTC_a9b97  
gmake[1]: Leaving directory '/Users/bog/Downloads/dlib-18.18/tools/python/build/CMakeFiles/CMakeTmp'


Determining size of void* passed with the following output:
Change Dir: /Users/bog/Downloads/dlib-18.18/tools/python/build/CMakeFiles/CMakeTmp

Run Build Command:"/opt/local/bin/gmake" "cmTC_d570b/fast"
/opt/local/bin/gmake -f CMakeFiles/cmTC_d570b.dir/build.make CMakeFiles/cmTC_d570b.dir/build
gmake[1]: Entering directory '/Users/bog/Downloads/dlib-18.18/tools/python/build/CMakeFiles/CMakeTmp'
Building C object CMakeFiles/cmTC_d570b.dir/SIZE_OF_VOID_PTR.c.o
/Applications/Xcode.app/Contents/Developer/Toolchains/XcodeDefault.xctoolchain/usr/bin/cc    -fPIE   -o CMakeFiles/cmTC_d570b.dir/SIZE_OF_VOID_PTR.c.o   -c /Users/bog/Downloads/dlib-18.18/tools/python/build/CMakeFiles/CheckTypeSize/SIZE_OF_VOID_PTR.c
Linking C executable cmTC_d570b
/opt/local/bin/cmake -E cmake_link_script CMakeFiles/cmTC_d570b.dir/link.txt --verbose=1
/Applications/Xcode.app/Contents/Developer/Toolchains/XcodeDefault.xctoolchain/usr/bin/cc    -Wl,-search_paths_first -Wl,-headerpad_max_install_names   CMakeFiles/cmTC_d570b.dir/SIZE_OF_VOID_PTR.c.o  -o cmTC_d570b  /opt/local/lib/libjpeg.dylib 
gmake[1]: Leaving directory '/Users/bog/Downloads/dlib-18.18/tools/python/build/CMakeFiles/CMakeTmp'


Determining if the function cblas_ddot exists passed with the following output:
Change Dir: /Users/bog/Downloads/dlib-18.18/tools/python/build/CMakeFiles/CMakeTmp

Run Build Command:"/opt/local/bin/gmake" "cmTC_41bbd/fast"
/opt/local/bin/gmake -f CMakeFiles/cmTC_41bbd.dir/build.make CMakeFiles/cmTC_41bbd.dir/build
gmake[1]: Entering directory '/Users/bog/Downloads/dlib-18.18/tools/python/build/CMakeFiles/CMakeTmp'
Building C object CMakeFiles/cmTC_41bbd.dir/CheckFunctionExists.c.o
/Applications/Xcode.app/Contents/Developer/Toolchains/XcodeDefault.xctoolchain/usr/bin/cc    -DCHECK_FUNCTION_EXISTS=cblas_ddot -fPIE   -o CMakeFiles/cmTC_41bbd.dir/CheckFunctionExists.c.o   -c /opt/local/share/cmake-3.5/Modules/CheckFunctionExists.c
Linking C executable cmTC_41bbd
/opt/local/bin/cmake -E cmake_link_script CMakeFiles/cmTC_41bbd.dir/link.txt --verbose=1
/Applications/Xcode.app/Contents/Developer/Toolchains/XcodeDefault.xctoolchain/usr/bin/cc   -DCHECK_FUNCTION_EXISTS=cblas_ddot -Wl,-search_paths_first -Wl,-headerpad_max_install_names   CMakeFiles/cmTC_41bbd.dir/CheckFunctionExists.c.o  -o cmTC_41bbd  /opt/local/lib/libopenblas.dylib 
gmake[1]: Leaving directory '/Users/bog/Downloads/dlib-18.18/tools/python/build/CMakeFiles/CMakeTmp'


Determining if the CXX compiler has std namespace passed with the following output:
Change Dir: /Users/bog/Downloads/dlib-18.18/tools/python/build/CMakeFiles/CMakeTmp

Run Build Command:"/opt/local/bin/gmake" "cmTC_8c122/fast"
/opt/local/bin/gmake -f CMakeFiles/cmTC_8c122.dir/build.make CMakeFiles/cmTC_8c122.dir/build
gmake[1]: Entering directory '/Users/bog/Downloads/dlib-18.18/tools/python/build/CMakeFiles/CMakeTmp'
Building CXX object CMakeFiles/cmTC_8c122.dir/TestForSTDNamespace.cxx.o
/Applications/Xcode.app/Contents/Developer/Toolchains/XcodeDefault.xctoolchain/usr/bin/c++     -fPIE   -o CMakeFiles/cmTC_8c122.dir/TestForSTDNamespace.cxx.o -c /opt/local/share/cmake-3.5/Modules/TestForSTDNamespace.cxx
Linking CXX executable cmTC_8c122
/opt/local/bin/cmake -E cmake_link_script CMakeFiles/cmTC_8c122.dir/link.txt --verbose=1
/Applications/Xcode.app/Contents/Developer/Toolchains/XcodeDefault.xctoolchain/usr/bin/c++     -Wl,-search_paths_first -Wl,-headerpad_max_install_names   CMakeFiles/cmTC_8c122.dir/TestForSTDNamespace.cxx.o  -o cmTC_8c122  
gmake[1]: Leaving directory '/Users/bog/Downloads/dlib-18.18/tools/python/build/CMakeFiles/CMakeTmp'


Determining if the include file iostream exists passed with the following output:
Change Dir: /Users/bog/Downloads/dlib-18.18/tools/python/build/CMakeFiles/CMakeTmp

Run Build Command:"/opt/local/bin/gmake" "cmTC_92a48/fast"
/opt/local/bin/gmake -f CMakeFiles/cmTC_92a48.dir/build.make CMakeFiles/cmTC_92a48.dir/build
gmake[1]: Entering directory '/Users/bog/Downloads/dlib-18.18/tools/python/build/CMakeFiles/CMakeTmp'
Building CXX object CMakeFiles/cmTC_92a48.dir/CheckIncludeFile.cxx.o
/Applications/Xcode.app/Contents/Developer/Toolchains/XcodeDefault.xctoolchain/usr/bin/c++     -fPIE   -o CMakeFiles/cmTC_92a48.dir/CheckIncludeFile.cxx.o -c /Users/bog/Downloads/dlib-18.18/tools/python/build/CMakeFiles/CMakeTmp/CheckIncludeFile.cxx
Linking CXX executable cmTC_92a48
/opt/local/bin/cmake -E cmake_link_script CMakeFiles/cmTC_92a48.dir/link.txt --verbose=1
/Applications/Xcode.app/Contents/Developer/Toolchains/XcodeDefault.xctoolchain/usr/bin/c++     -Wl,-search_paths_first -Wl,-headerpad_max_install_names   CMakeFiles/cmTC_92a48.dir/CheckIncludeFile.cxx.o  -o cmTC_92a48  
gmake[1]: Leaving directory '/Users/bog/Downloads/dlib-18.18/tools/python/build/CMakeFiles/CMakeTmp'


